Log file opened on Fri Jan 18 11:53:15 2019
Host: perth  pid: 14426  rank ID: 0  number of ranks:  1
                      :-) GROMACS - gmx mdrun, 2016.2 (-:

                            GROMACS is written by:
     Emile Apol      Rossen Apostolov  Herman J.C. Berendsen    Par Bjelkmar   
 Aldert van Buuren   Rudi van Drunen     Anton Feenstra    Gerrit Groenhof  
 Christoph Junghans   Anca Hamuraru    Vincent Hindriksen Dimitrios Karkoulis
    Peter Kasson        Jiri Kraus      Carsten Kutzner      Per Larsson    
  Justin A. Lemkul   Magnus Lundborg   Pieter Meulenhoff    Erik Marklund   
   Teemu Murtola       Szilard Pall       Sander Pronk      Roland Schulz   
  Alexey Shvetsov     Michael Shirts     Alfons Sijbers     Peter Tieleman  
  Teemu Virolainen  Christian Wennberg    Maarten Wolf   
                           and the project leaders:
        Mark Abraham, Berk Hess, Erik Lindahl, and David van der Spoel

Copyright (c) 1991-2000, University of Groningen, The Netherlands.
Copyright (c) 2001-2015, The GROMACS development team at
Uppsala University, Stockholm University and
the Royal Institute of Technology, Sweden.
check out http://www.gromacs.org for more information.

GROMACS is free software; you can redistribute it and/or modify it
under the terms of the GNU Lesser General Public License
as published by the Free Software Foundation; either version 2.1
of the License, or (at your option) any later version.

GROMACS:      gmx mdrun, version 2016.2
Executable:   /home/bieniem/software/gromacs2016.2-gpu/bin/gmx
Data prefix:  /home/bieniem/software/gromacs2016.2-gpu
Working dir:  /home/bieniem/sp_paul
Command line:
  gmx mdrun -v -deffnm step6.3_equilibration

GROMACS version:    2016.2
Precision:          single
Memory model:       64 bit
MPI library:        thread_mpi
OpenMP support:     enabled (GMX_OPENMP_MAX_THREADS = 32)
GPU support:        CUDA
SIMD instructions:  AVX2_256
FFT library:        fftw-3.3.5-fma-sse2-avx-avx2-avx2_128-avx512
RDTSCP usage:       enabled
TNG support:        enabled
Hwloc support:      hwloc-1.11.0
Tracing support:    disabled
Built on:           Wed 15 Feb 17:02:47 GMT 2017
Built by:           bieniem@perth [CMAKE]
Build OS/arch:      Linux 4.4.0-62-generic x86_64
Build CPU vendor:   Intel
Build CPU brand:    Intel(R) Xeon(R) CPU E5-1660 v3 @ 3.00GHz
Build CPU family:   6   Model: 63   Stepping: 2
Build CPU features: aes apic avx avx2 clfsh cmov cx8 cx16 f16c fma htt lahf mmx msr nonstop_tsc pcid pclmuldq pdcm pdpe1gb popcnt pse rdrnd rdtscp sse2 sse3 sse4.1 sse4.2 ssse3 tdt x2apic
C compiler:         /usr/bin/cc GNU 5.4.0
C compiler flags:    -march=core-avx2     -O3 -DNDEBUG -funroll-all-loops -fexcess-precision=fast  
C++ compiler:       /usr/bin/c++ GNU 5.4.0
C++ compiler flags:  -march=core-avx2    -std=c++0x   -O3 -DNDEBUG -funroll-all-loops -fexcess-precision=fast  
CUDA compiler:      /usr/local/cuda-8.0/bin/nvcc nvcc: NVIDIA (R) Cuda compiler driver;Copyright (c) 2005-2016 NVIDIA Corporation;Built on Tue_Jan_10_13:22:03_CST_2017;Cuda compilation tools, release 8.0, V8.0.61
CUDA compiler flags:-gencode;arch=compute_20,code=sm_20;-gencode;arch=compute_30,code=sm_30;-gencode;arch=compute_35,code=sm_35;-gencode;arch=compute_37,code=sm_37;-gencode;arch=compute_50,code=sm_50;-gencode;arch=compute_52,code=sm_52;-gencode;arch=compute_60,code=sm_60;-gencode;arch=compute_61,code=sm_61;-gencode;arch=compute_60,code=compute_60;-gencode;arch=compute_61,code=compute_61;-use_fast_math;-D_FORCE_INLINES;;-Xcompiler;,-march=core-avx2,,,,,,;-Xcompiler;-O3,-DNDEBUG,-funroll-all-loops,-fexcess-precision=fast,,; 
CUDA driver:        9.20
CUDA runtime:       8.0


Running on 1 node with total 8 cores, 16 logical cores, 1 compatible GPU
Hardware detected:
  CPU info:
    Vendor: Intel
    Brand:  Intel(R) Xeon(R) CPU E5-1660 v3 @ 3.00GHz
    Family: 6   Model: 63   Stepping: 2
    Features: aes apic avx avx2 clfsh cmov cx8 cx16 f16c fma htt lahf mmx msr nonstop_tsc pcid pclmuldq pdcm pdpe1gb popcnt pse rdrnd rdtscp sse2 sse3 sse4.1 sse4.2 ssse3 tdt x2apic
    SIMD instructions most likely to fit this hardware: AVX2_256
    SIMD instructions selected at GROMACS compile time: AVX2_256

  Hardware topology: Full, with devices
    Sockets, cores, and logical processors:
      Socket  0: [   0   8] [   1   9] [   2  10] [   3  11] [   4  12] [   5  13] [   6  14] [   7  15]
    Numa nodes:
      Node  0 (67480510464 bytes mem):   0   1   2   3   4   5   6   7   8   9  10  11  12  13  14  15
      Latency:
               0
         0  1.00
    Caches:
      L1: 32768 bytes, linesize 64 bytes, assoc. 8, shared 2 ways
      L2: 262144 bytes, linesize 64 bytes, assoc. 8, shared 2 ways
      L3: 20971520 bytes, linesize 64 bytes, assoc. 20, shared 16 ways
    PCI devices:
      0000:03:00.0  Id: 10de:1b80  Class: 0x0300  Numa: 0
      0000:00:11.4  Id: 8086:8d62  Class: 0x0106  Numa: 0
      0000:00:16.2  Id: 8086:8d3c  Class: 0x0101  Numa: 0
      0000:00:19.0  Id: 8086:153a  Class: 0x0200  Numa: 0
      0000:00:1f.2  Id: 8086:8d02  Class: 0x0106  Numa: 0
  GPU info:
    Number of GPUs detected: 1
    #0: NVIDIA GeForce GTX 1080, compute cap.: 6.1, ECC:  no, stat: compatible


++++ PLEASE READ AND CITE THE FOLLOWING REFERENCE ++++
M. J. Abraham, T. Murtola, R. Schulz, S. Páll, J. C. Smith, B. Hess, E.
Lindahl
GROMACS: High performance molecular simulations through multi-level
parallelism from laptops to supercomputers
SoftwareX 1 (2015) pp. 19-25
-------- -------- --- Thank You --- -------- --------


++++ PLEASE READ AND CITE THE FOLLOWING REFERENCE ++++
S. Páll, M. J. Abraham, C. Kutzner, B. Hess, E. Lindahl
Tackling Exascale Software Challenges in Molecular Dynamics Simulations with
GROMACS
In S. Markidis & E. Laure (Eds.), Solving Software Challenges for Exascale 8759 (2015) pp. 3-27
-------- -------- --- Thank You --- -------- --------


++++ PLEASE READ AND CITE THE FOLLOWING REFERENCE ++++
S. Pronk, S. Páll, R. Schulz, P. Larsson, P. Bjelkmar, R. Apostolov, M. R.
Shirts, J. C. Smith, P. M. Kasson, D. van der Spoel, B. Hess, and E. Lindahl
GROMACS 4.5: a high-throughput and highly parallel open source molecular
simulation toolkit
Bioinformatics 29 (2013) pp. 845-54
-------- -------- --- Thank You --- -------- --------


++++ PLEASE READ AND CITE THE FOLLOWING REFERENCE ++++
B. Hess and C. Kutzner and D. van der Spoel and E. Lindahl
GROMACS 4: Algorithms for highly efficient, load-balanced, and scalable
molecular simulation
J. Chem. Theory Comput. 4 (2008) pp. 435-447
-------- -------- --- Thank You --- -------- --------


++++ PLEASE READ AND CITE THE FOLLOWING REFERENCE ++++
D. van der Spoel, E. Lindahl, B. Hess, G. Groenhof, A. E. Mark and H. J. C.
Berendsen
GROMACS: Fast, Flexible and Free
J. Comp. Chem. 26 (2005) pp. 1701-1719
-------- -------- --- Thank You --- -------- --------


++++ PLEASE READ AND CITE THE FOLLOWING REFERENCE ++++
E. Lindahl and B. Hess and D. van der Spoel
GROMACS 3.0: A package for molecular simulation and trajectory analysis
J. Mol. Mod. 7 (2001) pp. 306-317
-------- -------- --- Thank You --- -------- --------


++++ PLEASE READ AND CITE THE FOLLOWING REFERENCE ++++
H. J. C. Berendsen, D. van der Spoel and R. van Drunen
GROMACS: A message-passing parallel molecular dynamics implementation
Comp. Phys. Comm. 91 (1995) pp. 43-56
-------- -------- --- Thank You --- -------- --------

Changing nstlist from 20 to 40, rlist from 1.2 to 1.2

Input Parameters:
   integrator                     = md
   tinit                          = 0
   dt                             = 0.001
   nsteps                         = 25000
   init-step                      = 0
   simulation-part                = 1
   comm-mode                      = Linear
   nstcomm                        = 100
   bd-fric                        = 0
   ld-seed                        = -542679574
   emtol                          = 10
   emstep                         = 0.01
   niter                          = 20
   fcstep                         = 0
   nstcgsteep                     = 1000
   nbfgscorr                      = 10
   rtpi                           = 0.05
   nstxout                        = 1000
   nstvout                        = 1000
   nstfout                        = 1000
   nstlog                         = 1000
   nstcalcenergy                  = 100
   nstenergy                      = 1000
   nstxout-compressed             = 0
   compressed-x-precision         = 1000
   cutoff-scheme                  = Verlet
   nstlist                        = 40
   ns-type                        = Grid
   pbc                            = xyz
   periodic-molecules             = false
   verlet-buffer-tolerance        = 0.005
   rlist                          = 1.2
   coulombtype                    = PME
   coulomb-modifier               = Potential-shift
   rcoulomb-switch                = 0
   rcoulomb                       = 1.2
   epsilon-r                      = 1
   epsilon-rf                     = inf
   vdw-type                       = Cut-off
   vdw-modifier                   = Force-switch
   rvdw-switch                    = 1
   rvdw                           = 1.2
   DispCorr                       = No
   table-extension                = 1
   fourierspacing                 = 0.12
   fourier-nx                     = 52
   fourier-ny                     = 52
   fourier-nz                     = 72
   pme-order                      = 4
   ewald-rtol                     = 1e-05
   ewald-rtol-lj                  = 0.001
   lj-pme-comb-rule               = Geometric
   ewald-geometry                 = 0
   epsilon-surface                = 0
   implicit-solvent               = No
   gb-algorithm                   = Still
   nstgbradii                     = 1
   rgbradii                       = 1
   gb-epsilon-solvent             = 80
   gb-saltconc                    = 0
   gb-obc-alpha                   = 1
   gb-obc-beta                    = 0.8
   gb-obc-gamma                   = 4.85
   gb-dielectric-offset           = 0.009
   sa-algorithm                   = Ace-approximation
   sa-surface-tension             = 2.05016
   tcoupl                         = Berendsen
   nsttcouple                     = 20
   nh-chain-length                = 0
   print-nose-hoover-chain-variables = false
   pcoupl                         = Berendsen
   pcoupltype                     = Semiisotropic
   nstpcouple                     = 20
   tau-p                          = 5
   compressibility (3x3):
      compressibility[    0]={ 4.50000e-05,  0.00000e+00,  0.00000e+00}
      compressibility[    1]={ 0.00000e+00,  4.50000e-05,  0.00000e+00}
      compressibility[    2]={ 0.00000e+00,  0.00000e+00,  4.50000e-05}
   ref-p (3x3):
      ref-p[    0]={ 1.00000e+00,  0.00000e+00,  0.00000e+00}
      ref-p[    1]={ 0.00000e+00,  1.00000e+00,  0.00000e+00}
      ref-p[    2]={ 0.00000e+00,  0.00000e+00,  1.00000e+00}
   refcoord-scaling               = COM
   posres-com (3):
      posres-com[0]= 5.30441e-01
      posres-com[1]= 5.20633e-01
      posres-com[2]= 7.15835e-01
   posres-comB (3):
      posres-comB[0]= 5.30441e-01
      posres-comB[1]= 5.20633e-01
      posres-comB[2]= 7.15835e-01
   QMMM                           = false
   QMconstraints                  = 0
   QMMMscheme                     = 0
   MMChargeScaleFactor            = 1
qm-opts:
   ngQM                           = 0
   constraint-algorithm           = Lincs
   continuation                   = true
   Shake-SOR                      = false
   shake-tol                      = 0.0001
   lincs-order                    = 4
   lincs-iter                     = 1
   lincs-warnangle                = 30
   nwall                          = 0
   wall-type                      = 9-3
   wall-r-linpot                  = -1
   wall-atomtype[0]               = -1
   wall-atomtype[1]               = -1
   wall-density[0]                = 0
   wall-density[1]                = 0
   wall-ewald-zfac                = 3
   pull                           = false
   rotation                       = false
   interactiveMD                  = false
   disre                          = No
   disre-weighting                = Conservative
   disre-mixed                    = false
   dr-fc                          = 1000
   dr-tau                         = 0
   nstdisreout                    = 100
   orire-fc                       = 0
   orire-tau                      = 0
   nstorireout                    = 100
   free-energy                    = no
   cos-acceleration               = 0
   deform (3x3):
      deform[    0]={ 0.00000e+00,  0.00000e+00,  0.00000e+00}
      deform[    1]={ 0.00000e+00,  0.00000e+00,  0.00000e+00}
      deform[    2]={ 0.00000e+00,  0.00000e+00,  0.00000e+00}
   simulated-tempering            = false
   E-x:
      n = 0
   E-xt:
      n = 0
   E-y:
      n = 0
   E-yt:
      n = 0
   E-z:
      n = 0
   E-zt:
      n = 0
   swapcoords                     = no
   userint1                       = 0
   userint2                       = 0
   userint3                       = 0
   userint4                       = 0
   userreal1                      = 0
   userreal2                      = 0
   userreal3                      = 0
   userreal4                      = 0
grpopts:
   nrdf:       32997       23241
   ref-t:      303.15      303.15
   tau-t:           1           1
annealing:          No          No
annealing-npoints:           0           0
   acc:	           0           0           0
   nfreeze:           N           N           N
   energygrp-flags[  0]: 0

Using 1 MPI thread
Using 16 OpenMP threads 

1 compatible GPU is present, with ID 0
1 GPU auto-selected for this run.
Mapping of GPU ID to the 1 PP rank in this node: 0

Will do PME sum in reciprocal space for electrostatic interactions.

++++ PLEASE READ AND CITE THE FOLLOWING REFERENCE ++++
U. Essmann, L. Perera, M. L. Berkowitz, T. Darden, H. Lee and L. G. Pedersen 
A smooth particle mesh Ewald method
J. Chem. Phys. 103 (1995) pp. 8577-8592
-------- -------- --- Thank You --- -------- --------

Will do ordinary reciprocal space Ewald sum.
Using a Gaussian width (1/beta) of 0.384195 nm for Ewald
Cut-off's:   NS: 1.2   Coulomb: 1.2   LJ: 1.2
System total charge: 0.000
Generated table with 1100 data points for 1-4 COUL.
Tabscale = 500 points/nm
Generated table with 1100 data points for 1-4 LJ6.
Tabscale = 500 points/nm
Generated table with 1100 data points for 1-4 LJ12.
Tabscale = 500 points/nm
Potential shift: LJ r^-12: -2.648e-01 r^-6: -5.349e-01, Ewald -1.000e-05
Initialized non-bonded Ewald correction tables, spacing: 1.02e-03 size: 1176


Using GPU 8x8 non-bonded kernels

Pinning threads with an auto-selected logical core stride of 1

Initializing LINear Constraint Solver

++++ PLEASE READ AND CITE THE FOLLOWING REFERENCE ++++
B. Hess and H. Bekker and H. J. C. Berendsen and J. G. E. M. Fraaije
LINCS: A Linear Constraint Solver for molecular simulations
J. Comp. Chem. 18 (1997) pp. 1463-1472
-------- -------- --- Thank You --- -------- --------

The number of constraints is 8400

++++ PLEASE READ AND CITE THE FOLLOWING REFERENCE ++++
S. Miyamoto and P. A. Kollman
SETTLE: An Analytical Version of the SHAKE and RATTLE Algorithms for Rigid
Water Models
J. Comp. Chem. 13 (1992) pp. 952-962
-------- -------- --- Thank You --- -------- --------

Intra-simulation communication will occur every 20 steps.
Center of mass motion removal mode is Linear
We have the following groups for center of mass motion removal:
  0:  MEMB
  1:  SOL_ION

++++ PLEASE READ AND CITE THE FOLLOWING REFERENCE ++++
H. J. C. Berendsen, J. P. M. Postma, A. DiNola and J. R. Haak
Molecular dynamics with coupling to an external bath
J. Chem. Phys. 81 (1984) pp. 3684-3690
-------- -------- --- Thank You --- -------- --------

There are: 25413 Atoms
Initial temperature: 304.995 K

Started mdrun on rank 0 Fri Jan 18 11:53:16 2019
           Step           Time
              0        0.00000

   Energies (kJ/mol)
           Bond            U-B    Proper Dih.  Improper Dih.          LJ-14
    6.28399e+03    3.30830e+04    2.55413e+04    2.47767e+02    3.85362e+03
     Coulomb-14        LJ (SR)   Coulomb (SR)   Coul. recip. Position Rest.
   -4.63946e+04   -5.71958e+03   -1.73558e+05    1.24755e+03    5.26435e+01
     Dih. Rest.      Potential    Kinetic En.   Total Energy    Temperature
    9.86221e+01   -1.55263e+05    7.20886e+04   -8.31748e+04    3.08342e+02
 Pressure (bar)   Constr. rmsd
   -6.67252e+02    1.54828e-06

step   80: timed with pme grid 52 52 72, coulomb cutoff 1.200: 200.2 M-cycles
step  160: timed with pme grid 44 44 60, coulomb cutoff 1.342: 200.0 M-cycles
step  240: timed with pme grid 40 40 56, coulomb cutoff 1.476: 184.7 M-cycles
step  320: timed with pme grid 36 36 52, coulomb cutoff 1.640: 185.0 M-cycles
step  400: timed with pme grid 32 32 44, coulomb cutoff 1.845: 222.6 M-cycles
step  480: timed with pme grid 36 36 44, coulomb cutoff 1.795: 205.0 M-cycles
step  560: timed with pme grid 36 36 48, coulomb cutoff 1.646: 186.0 M-cycles
step  640: timed with pme grid 36 36 52, coulomb cutoff 1.640: 169.0 M-cycles
step  720: timed with pme grid 40 40 52, coulomb cutoff 1.519: 177.2 M-cycles
step  800: timed with pme grid 40 40 56, coulomb cutoff 1.476: 157.4 M-cycles
step  880: timed with pme grid 42 42 56, coulomb cutoff 1.411: 201.2 M-cycles
step  960: timed with pme grid 42 42 60, coulomb cutoff 1.406: 195.4 M-cycles
           Step           Time
           1000        1.00000

   Energies (kJ/mol)
           Bond            U-B    Proper Dih.  Improper Dih.          LJ-14
    6.13253e+03    3.34271e+04    2.53030e+04    2.33654e+02    3.90457e+03
     Coulomb-14        LJ (SR)   Coulomb (SR)   Coul. recip. Position Rest.
   -4.67677e+04   -6.12136e+03   -1.72667e+05    8.51292e+02    9.41695e+01
     Dih. Rest.      Potential    Kinetic En.   Total Energy    Temperature
    1.46877e+02   -1.55462e+05    7.09220e+04   -8.45405e+04    3.03352e+02
 Pressure (bar)   Constr. rmsd
   -9.98041e+02    1.54587e-06

step 1040: timed with pme grid 44 44 60, coulomb cutoff 1.342: 195.0 M-cycles
step 1120: timed with pme grid 48 48 60, coulomb cutoff 1.317: 199.7 M-cycles
step 1200: timed with pme grid 48 48 64, coulomb cutoff 1.234: 198.9 M-cycles
step 1280: timed with pme grid 52 52 72, coulomb cutoff 1.200: 186.1 M-cycles
step 1360: timed with pme grid 36 36 52, coulomb cutoff 1.640: 167.8 M-cycles
step 1440: timed with pme grid 40 40 56, coulomb cutoff 1.476: 157.2 M-cycles
              optimal pme grid 40 40 56, coulomb cutoff 1.476
           Step           Time
           2000        2.00000

   Energies (kJ/mol)
           Bond            U-B    Proper Dih.  Improper Dih.          LJ-14
    6.07126e+03    3.31494e+04    2.54732e+04    2.45079e+02    3.88016e+03
     Coulomb-14        LJ (SR)   Coulomb (SR)   Coul. recip. Position Rest.
   -4.68620e+04   -4.79531e+03   -1.73850e+05    6.06426e+02    9.69304e+01
     Dih. Rest.      Potential    Kinetic En.   Total Energy    Temperature
    1.53237e+02   -1.55832e+05    7.10035e+04   -8.48285e+04    3.03701e+02
 Pressure (bar)   Constr. rmsd
   -2.88092e+02    1.57419e-06

           Step           Time
           3000        3.00000

   Energies (kJ/mol)
           Bond            U-B    Proper Dih.  Improper Dih.          LJ-14
    5.91535e+03    3.33081e+04    2.52631e+04    2.21683e+02    3.90787e+03
     Coulomb-14        LJ (SR)   Coulomb (SR)   Coul. recip. Position Rest.
   -4.65497e+04   -5.59834e+03   -1.73214e+05    6.19985e+02    1.07178e+02
     Dih. Rest.      Potential    Kinetic En.   Total Energy    Temperature
    1.59814e+02   -1.55859e+05    7.07951e+04   -8.50634e+04    3.02809e+02
 Pressure (bar)   Constr. rmsd
   -6.14351e+01    1.56896e-06

           Step           Time
           4000        4.00000

   Energies (kJ/mol)
           Bond            U-B    Proper Dih.  Improper Dih.          LJ-14
    5.94203e+03    3.30274e+04    2.54651e+04    2.64224e+02    3.95259e+03
     Coulomb-14        LJ (SR)   Coulomb (SR)   Coul. recip. Position Rest.
   -4.66153e+04   -5.68750e+03   -1.73499e+05    5.64254e+02    1.00446e+02
     Dih. Rest.      Potential    Kinetic En.   Total Energy    Temperature
    1.75411e+02   -1.56310e+05    7.10807e+04   -8.52298e+04    3.04031e+02
 Pressure (bar)   Constr. rmsd
   -4.12553e+02    1.53380e-06

           Step           Time
           5000        5.00000

   Energies (kJ/mol)
           Bond            U-B    Proper Dih.  Improper Dih.          LJ-14
    6.08539e+03    3.30763e+04    2.52347e+04    2.78123e+02    3.86817e+03
     Coulomb-14        LJ (SR)   Coulomb (SR)   Coul. recip. Position Rest.
   -4.64183e+04   -5.66765e+03   -1.73375e+05    6.10620e+02    9.78956e+01
     Dih. Rest.      Potential    Kinetic En.   Total Energy    Temperature
    1.87640e+02   -1.56022e+05    7.06473e+04   -8.53746e+04    3.02177e+02
 Pressure (bar)   Constr. rmsd
   -5.00101e+02    1.54619e-06

           Step           Time
           6000        6.00000

   Energies (kJ/mol)
           Bond            U-B    Proper Dih.  Improper Dih.          LJ-14
    6.05018e+03    3.33230e+04    2.55572e+04    2.62012e+02    3.81599e+03
     Coulomb-14        LJ (SR)   Coulomb (SR)   Coul. recip. Position Rest.
   -4.66699e+04   -5.76790e+03   -1.73321e+05    5.68158e+02    1.11075e+02
     Dih. Rest.      Potential    Kinetic En.   Total Energy    Temperature
    1.75589e+02   -1.55896e+05    7.04093e+04   -8.54868e+04    3.01159e+02
 Pressure (bar)   Constr. rmsd
   -6.61544e+02    1.56279e-06

           Step           Time
           7000        7.00000

   Energies (kJ/mol)
           Bond            U-B    Proper Dih.  Improper Dih.          LJ-14
    5.89578e+03    3.32135e+04    2.54153e+04    2.42638e+02    3.80316e+03
     Coulomb-14        LJ (SR)   Coulomb (SR)   Coul. recip. Position Rest.
   -4.66703e+04   -7.14733e+03   -1.71987e+05    6.23444e+02    1.34851e+02
     Dih. Rest.      Potential    Kinetic En.   Total Energy    Temperature
    1.58430e+02   -1.56318e+05    7.07817e+04   -8.55360e+04    3.02752e+02
 Pressure (bar)   Constr. rmsd
   -6.85456e+02    1.54689e-06

           Step           Time
           8000        8.00000

   Energies (kJ/mol)
           Bond            U-B    Proper Dih.  Improper Dih.          LJ-14
    5.99528e+03    3.31154e+04    2.53849e+04    2.42302e+02    4.02983e+03
     Coulomb-14        LJ (SR)   Coulomb (SR)   Coul. recip. Position Rest.
   -4.66771e+04   -5.86268e+03   -1.73638e+05    5.82704e+02    1.23390e+02
     Dih. Rest.      Potential    Kinetic En.   Total Energy    Temperature
    1.64702e+02   -1.56539e+05    7.08001e+04   -8.57388e+04    3.02831e+02
 Pressure (bar)   Constr. rmsd
   -2.31978e+02    1.54115e-06

           Step           Time
           9000        9.00000

   Energies (kJ/mol)
           Bond            U-B    Proper Dih.  Improper Dih.          LJ-14
    6.02079e+03    3.28695e+04    2.55451e+04    2.41278e+02    3.95799e+03
     Coulomb-14        LJ (SR)   Coulomb (SR)   Coul. recip. Position Rest.
   -4.63285e+04   -6.96929e+03   -1.73297e+05    5.92513e+02    1.16342e+02
     Dih. Rest.      Potential    Kinetic En.   Total Energy    Temperature
    1.56884e+02   -1.57095e+05    7.11338e+04   -8.59609e+04    3.04258e+02
 Pressure (bar)   Constr. rmsd
   -4.76744e+02    1.54606e-06

           Step           Time
          10000       10.00000

   Energies (kJ/mol)
           Bond            U-B    Proper Dih.  Improper Dih.          LJ-14
    6.12038e+03    3.31171e+04    2.52520e+04    2.04902e+02    3.86726e+03
     Coulomb-14        LJ (SR)   Coulomb (SR)   Coul. recip. Position Rest.
   -4.67919e+04   -6.27098e+03   -1.72980e+05    5.88741e+02    1.20978e+02
     Dih. Rest.      Potential    Kinetic En.   Total Energy    Temperature
    1.77041e+02   -1.56594e+05    7.04869e+04   -8.61071e+04    3.01491e+02
 Pressure (bar)   Constr. rmsd
   -1.74749e+02    1.54157e-06

           Step           Time
          11000       11.00000

   Energies (kJ/mol)
           Bond            U-B    Proper Dih.  Improper Dih.          LJ-14
    6.16495e+03    3.30897e+04    2.53062e+04    2.41638e+02    3.88411e+03
     Coulomb-14        LJ (SR)   Coulomb (SR)   Coul. recip. Position Rest.
   -4.65194e+04   -6.29682e+03   -1.74141e+05    6.13358e+02    1.33222e+02
     Dih. Rest.      Potential    Kinetic En.   Total Energy    Temperature
    1.46135e+02   -1.57378e+05    7.10982e+04   -8.62801e+04    3.04106e+02
 Pressure (bar)   Constr. rmsd
   -5.98931e+02    1.53467e-06

           Step           Time
          12000       12.00000

   Energies (kJ/mol)
           Bond            U-B    Proper Dih.  Improper Dih.          LJ-14
    6.04056e+03    3.29816e+04    2.53935e+04    2.57620e+02    3.93375e+03
     Coulomb-14        LJ (SR)   Coulomb (SR)   Coul. recip. Position Rest.
   -4.67043e+04   -6.07990e+03   -1.73978e+05    5.61313e+02    1.38193e+02
     Dih. Rest.      Potential    Kinetic En.   Total Energy    Temperature
    1.71722e+02   -1.57284e+05    7.07466e+04   -8.65373e+04    3.02602e+02
 Pressure (bar)   Constr. rmsd
   -3.20428e+02    1.52480e-06

           Step           Time
          13000       13.00000

   Energies (kJ/mol)
           Bond            U-B    Proper Dih.  Improper Dih.          LJ-14
    6.14014e+03    3.25067e+04    2.51991e+04    2.72090e+02    3.94432e+03
     Coulomb-14        LJ (SR)   Coulomb (SR)   Coul. recip. Position Rest.
   -4.67032e+04   -6.58725e+03   -1.73689e+05    5.39829e+02    1.39351e+02
     Dih. Rest.      Potential    Kinetic En.   Total Energy    Temperature
    1.54604e+02   -1.58084e+05    7.12935e+04   -8.67900e+04    3.04941e+02
 Pressure (bar)   Constr. rmsd
   -7.70227e+02    1.53346e-06

           Step           Time
          14000       14.00000

   Energies (kJ/mol)
           Bond            U-B    Proper Dih.  Improper Dih.          LJ-14
    5.96868e+03    3.30556e+04    2.53324e+04    2.45729e+02    3.95054e+03
     Coulomb-14        LJ (SR)   Coulomb (SR)   Coul. recip. Position Rest.
   -4.67026e+04   -6.22386e+03   -1.73881e+05    5.65736e+02    1.75258e+02
     Dih. Rest.      Potential    Kinetic En.   Total Energy    Temperature
    1.73582e+02   -1.57340e+05    7.06014e+04   -8.67384e+04    3.01981e+02
 Pressure (bar)   Constr. rmsd
   -3.63027e+02    1.52650e-06

           Step           Time
          15000       15.00000

   Energies (kJ/mol)
           Bond            U-B    Proper Dih.  Improper Dih.          LJ-14
    6.18294e+03    3.32429e+04    2.54600e+04    2.92524e+02    4.03568e+03
     Coulomb-14        LJ (SR)   Coulomb (SR)   Coul. recip. Position Rest.
   -4.68891e+04   -6.40164e+03   -1.74138e+05    5.22378e+02    1.72785e+02
     Dih. Rest.      Potential    Kinetic En.   Total Energy    Temperature
    1.62279e+02   -1.57357e+05    7.04637e+04   -8.68936e+04    3.01392e+02
 Pressure (bar)   Constr. rmsd
   -1.64484e+02    1.54225e-06

           Step           Time
          16000       16.00000

   Energies (kJ/mol)
           Bond            U-B    Proper Dih.  Improper Dih.          LJ-14
    5.97481e+03    3.32693e+04    2.55655e+04    2.51262e+02    3.90918e+03
     Coulomb-14        LJ (SR)   Coulomb (SR)   Coul. recip. Position Rest.
   -4.70065e+04   -6.62990e+03   -1.73768e+05    5.37826e+02    1.99365e+02
     Dih. Rest.      Potential    Kinetic En.   Total Energy    Temperature
    1.61121e+02   -1.57536e+05    7.04539e+04   -8.70823e+04    3.01350e+02
 Pressure (bar)   Constr. rmsd
   -5.84292e+02    1.49822e-06

           Step           Time
          17000       17.00000

   Energies (kJ/mol)
           Bond            U-B    Proper Dih.  Improper Dih.          LJ-14
    5.95599e+03    3.32365e+04    2.53154e+04    2.21925e+02    3.96851e+03
     Coulomb-14        LJ (SR)   Coulomb (SR)   Coul. recip. Position Rest.
   -4.68461e+04   -6.33540e+03   -1.74994e+05    5.66564e+02    1.92605e+02
     Dih. Rest.      Potential    Kinetic En.   Total Energy    Temperature
    1.48865e+02   -1.58570e+05    7.13748e+04   -8.71948e+04    3.05289e+02
 Pressure (bar)   Constr. rmsd
   -3.74549e+02    1.50893e-06

           Step           Time
          18000       18.00000

   Energies (kJ/mol)
           Bond            U-B    Proper Dih.  Improper Dih.          LJ-14
    6.04389e+03    3.30518e+04    2.53147e+04    2.43877e+02    3.92847e+03
     Coulomb-14        LJ (SR)   Coulomb (SR)   Coul. recip. Position Rest.
   -4.68734e+04   -6.52988e+03   -1.74434e+05    5.56635e+02    1.88260e+02
     Dih. Rest.      Potential    Kinetic En.   Total Energy    Temperature
    1.58758e+02   -1.58351e+05    7.10373e+04   -8.73132e+04    3.03845e+02
 Pressure (bar)   Constr. rmsd
   -6.51365e+02    1.52131e-06

           Step           Time
          19000       19.00000

   Energies (kJ/mol)
           Bond            U-B    Proper Dih.  Improper Dih.          LJ-14
    5.99549e+03    3.32146e+04    2.53852e+04    2.13093e+02    3.98397e+03
     Coulomb-14        LJ (SR)   Coulomb (SR)   Coul. recip. Position Rest.
   -4.69652e+04   -6.25116e+03   -1.75028e+05    5.62271e+02    1.77402e+02
     Dih. Rest.      Potential    Kinetic En.   Total Energy    Temperature
    1.57665e+02   -1.58555e+05    7.10960e+04   -8.74591e+04    3.04096e+02
 Pressure (bar)   Constr. rmsd
   -4.57454e+02    1.52530e-06

           Step           Time
          20000       20.00000

   Energies (kJ/mol)
           Bond            U-B    Proper Dih.  Improper Dih.          LJ-14
    6.01949e+03    3.32106e+04    2.55174e+04    2.25323e+02    3.94951e+03
     Coulomb-14        LJ (SR)   Coulomb (SR)   Coul. recip. Position Rest.
   -4.69674e+04   -6.73169e+03   -1.73803e+05    5.17092e+02    1.80039e+02
     Dih. Rest.      Potential    Kinetic En.   Total Energy    Temperature
    1.74096e+02   -1.57709e+05    7.00788e+04   -8.76299e+04    2.99745e+02
 Pressure (bar)   Constr. rmsd
   -2.20982e+01    1.51621e-06

           Step           Time
          21000       21.00000

   Energies (kJ/mol)
           Bond            U-B    Proper Dih.  Improper Dih.          LJ-14
    5.99906e+03    3.35323e+04    2.53856e+04    2.63780e+02    3.96396e+03
     Coulomb-14        LJ (SR)   Coulomb (SR)   Coul. recip. Position Rest.
   -4.73086e+04   -6.31023e+03   -1.75172e+05    5.56122e+02    2.11640e+02
     Dih. Rest.      Potential    Kinetic En.   Total Energy    Temperature
    1.64785e+02   -1.58713e+05    7.09555e+04   -8.77577e+04    3.03495e+02
 Pressure (bar)   Constr. rmsd
   -3.42227e+02    1.49960e-06

           Step           Time
          22000       22.00000

   Energies (kJ/mol)
           Bond            U-B    Proper Dih.  Improper Dih.          LJ-14
    5.98750e+03    3.36755e+04    2.54055e+04    2.33350e+02    3.89021e+03
     Coulomb-14        LJ (SR)   Coulomb (SR)   Coul. recip. Position Rest.
   -4.70357e+04   -5.55621e+03   -1.76182e+05    5.14049e+02    2.31842e+02
     Dih. Rest.      Potential    Kinetic En.   Total Energy    Temperature
    1.55594e+02   -1.58680e+05    7.07336e+04   -8.79467e+04    3.02546e+02
 Pressure (bar)   Constr. rmsd
   -1.05448e+02    1.53328e-06

           Step           Time
          23000       23.00000

   Energies (kJ/mol)
           Bond            U-B    Proper Dih.  Improper Dih.          LJ-14
    5.98590e+03    3.37010e+04    2.53536e+04    2.76002e+02    3.92214e+03
     Coulomb-14        LJ (SR)   Coulomb (SR)   Coul. recip. Position Rest.
   -4.68351e+04   -6.70614e+03   -1.75323e+05    5.48039e+02    2.15682e+02
     Dih. Rest.      Potential    Kinetic En.   Total Energy    Temperature
    1.59847e+02   -1.58702e+05    7.05964e+04   -8.81057e+04    3.01959e+02
 Pressure (bar)   Constr. rmsd
   -3.24995e+02    1.51582e-06

           Step           Time
          24000       24.00000

   Energies (kJ/mol)
           Bond            U-B    Proper Dih.  Improper Dih.          LJ-14
    5.97834e+03    3.31836e+04    2.52944e+04    2.49758e+02    4.05633e+03
     Coulomb-14        LJ (SR)   Coulomb (SR)   Coul. recip. Position Rest.
   -4.66931e+04   -6.79326e+03   -1.75162e+05    5.23352e+02    2.12953e+02
     Dih. Rest.      Potential    Kinetic En.   Total Energy    Temperature
    1.54829e+02   -1.58994e+05    7.06362e+04   -8.83581e+04    3.02130e+02
 Pressure (bar)   Constr. rmsd
    5.04479e+01    1.50238e-06

           Step           Time
          25000       25.00000

Writing checkpoint, step 25000 at Fri Jan 18 11:53:55 2019


   Energies (kJ/mol)
           Bond            U-B    Proper Dih.  Improper Dih.          LJ-14
    5.94190e+03    3.32182e+04    2.51723e+04    2.34595e+02    3.98639e+03
     Coulomb-14        LJ (SR)   Coulomb (SR)   Coul. recip. Position Rest.
   -4.67286e+04   -6.73041e+03   -1.74574e+05    5.33394e+02    1.94973e+02
     Dih. Rest.      Potential    Kinetic En.   Total Energy    Temperature
    1.78650e+02   -1.58572e+05    7.01480e+04   -8.84245e+04    3.00041e+02
 Pressure (bar)   Constr. rmsd
   -1.86891e+02    1.49617e-06

	<======  ###############  ==>
	<====  A V E R A G E S  ====>
	<==  ###############  ======>

	Statistics over 25001 steps using 251 frames

   Energies (kJ/mol)
           Bond            U-B    Proper Dih.  Improper Dih.          LJ-14
    6.05197e+03    3.31924e+04    2.53394e+04    2.44262e+02    3.92543e+03
     Coulomb-14        LJ (SR)   Coulomb (SR)   Coul. recip. Position Rest.
   -4.66740e+04   -6.22057e+03   -1.74056e+05    5.75178e+02    1.52161e+02
     Dih. Rest.      Potential    Kinetic En.   Total Energy    Temperature
    1.59597e+02   -1.57310e+05    7.08286e+04   -8.64817e+04    3.02953e+02
 Pressure (bar)   Constr. rmsd
   -4.29645e+02    0.00000e+00

          Box-X          Box-Y          Box-Z
    5.80890e+00    5.80890e+00    7.74173e+00

   Total Virial (kJ/mol)
    2.66197e+04    6.07427e+01    1.74167e+02
    6.03917e+01    2.62653e+04    1.85238e+02
    1.70847e+02    1.83214e+02    2.81296e+04

   Pressure (bar)
   -4.23473e+02   -7.18116e+00   -1.73694e+01
   -7.12852e+00   -3.75495e+02   -1.78768e+01
   -1.69395e+01   -1.76261e+01   -4.89968e+02

         T-MEMB      T-SOL_ION
    3.02650e+02    3.03382e+02


       P P   -   P M E   L O A D   B A L A N C I N G

 PP/PME load balancing changed the cut-off and PME settings:
           particle-particle                    PME
            rcoulomb  rlist            grid      spacing   1/beta
   initial  1.200 nm  1.200 nm      52  52  72   0.114 nm  0.384 nm
   final    1.476 nm  1.476 nm      40  40  56   0.148 nm  0.473 nm
 cost-ratio           1.86             0.46
 (note that these numbers concern only part of the total PP and PME load)


	M E G A - F L O P S   A C C O U N T I N G

 NB=Group-cutoff nonbonded kernels    NxN=N-by-N cluster Verlet kernels
 RF=Reaction-Field  VdW=Van der Waals  QSTab=quadratic-spline table
 W3=SPC/TIP3p  W4=TIP4p (single or pairs)
 V&F=Potential and force  V=Potential only  F=Force only

 Computing:                               M-Number         M-Flops  % Flops
-----------------------------------------------------------------------------
 NB VdW [V&F]                           655.026200         655.026     0.0
 Pair Search distance check            2988.867648       26899.809     0.0
 NxN Ewald Elec. + LJ [F]            985996.780160    76907748.852    96.6
 NxN Ewald Elec. + LJ [V&F]            9989.502144     1288645.777     1.6
 1,4 nonbonded interactions             907.536300       81678.267     0.1
 Calc Weights                          1906.051239       68617.845     0.1
 Spread Q Bspline                     40662.426432       81324.853     0.1
 Gather F Bspline                     40662.426432      243974.559     0.3
 3D-FFT                               74365.032856      594920.263     0.7
 Solve PME                               40.203200        2573.005     0.0
 Shift-X                                 15.908538          95.451     0.0
 Bonds                                  132.505300        7817.813     0.0
 Propers                               1107.544300      253627.645     0.3
 Impropers                                5.000200        1040.042     0.0
 Dihedral Restr.                          7.500300        1500.060     0.0
 Pos. Restr.                              2.500100         125.005     0.0
 Virial                                  31.847958         573.263     0.0
 Stop-CM                                  6.378663          63.787     0.0
 P-Coupling                              31.766250         190.597     0.0
 Calc-Ekin                               63.583326        1716.750     0.0
 Lincs                                  210.008400       12600.504     0.0
 Lincs-Mat                             1410.056400        5640.226     0.0
 Constraint-V                           709.903395        5679.227     0.0
 Constraint-Vir                          25.013745         600.330     0.0
 Settle                                  96.628865       31211.123     0.0
-----------------------------------------------------------------------------
 Total                                                79619520.077   100.0
-----------------------------------------------------------------------------


     R E A L   C Y C L E   A N D   T I M E   A C C O U N T I N G

On 1 MPI rank, each using 16 OpenMP threads

 Computing:          Num   Num      Call    Wall time         Giga-Cycles
                     Ranks Threads  Count      (s)         total sum    %
-----------------------------------------------------------------------------
 Neighbor search        1   16        626       1.368         65.494   3.5
 Launch GPU ops.        1   16      25001       1.197         57.328   3.1
 Force                  1   16      25001      12.524        599.751  32.4
 PME mesh               1   16      25001      12.269        587.540  31.8
 Wait GPU local         1   16      25001       0.315         15.084   0.8
 NB X/F buffer ops.     1   16      49376       0.679         32.521   1.8
 Write traj.            1   16         26       0.274         13.125   0.7
 Update                 1   16      25001       0.984         47.110   2.5
 Constraints            1   16      25001       1.570         75.182   4.1
 Rest                                           7.449        356.717  19.3
-----------------------------------------------------------------------------
 Total                                         38.628       1849.852 100.0
-----------------------------------------------------------------------------
 Breakdown of PME mesh computation
-----------------------------------------------------------------------------
 PME spread/gather      1   16      50002       8.418        403.145  21.8
 PME 3D-FFT             1   16      50002       3.350        160.404   8.7
 PME solve Elec         1   16      25001       0.415         19.895   1.1
-----------------------------------------------------------------------------

 GPU timings
-----------------------------------------------------------------------------
 Computing:                         Count  Wall t (s)      ms/step       %
-----------------------------------------------------------------------------
 Pair list H2D                        626       0.110        0.176     0.5
 X / q H2D                          25001       1.035        0.041     4.4
 Nonbonded F kernel                 24250      20.759        0.856    88.0
 Nonbonded F+ene k.                   125       0.198        1.583     0.8
 Nonbonded F+prune k.                 500       0.517        1.034     2.2
 Nonbonded F+ene+prune k.             126       0.224        1.778     0.9
 F D2H                              25001       0.755        0.030     3.2
-----------------------------------------------------------------------------
 Total                                         23.598        0.944   100.0
-----------------------------------------------------------------------------

Average per-step force GPU/CPU evaluation time ratio: 0.944 ms/0.992 ms = 0.952
For optimal performance this ratio should be close to 1!

               Core t (s)   Wall t (s)        (%)
       Time:      618.048       38.628     1600.0
                 (ns/day)    (hour/ns)
Performance:       55.920        0.429
Finished mdrun on rank 0 Fri Jan 18 11:53:55 2019
